2024-08-08 14:46:59,681:CRITICAL:scrap:main:88:Failed initial request for 58602-Adarsh group of institution , Bangalore with status 400
2024-08-08 14:47:16,221:CRITICAL:scrap:main:88:Failed initial request for 61076-Agni College of Technology with status 400
2024-08-08 14:49:08,535:CRITICAL:scrap:main:88:Failed initial request for 70365-Amity Study Abroad with status 400
2024-08-08 14:49:57,201:CRITICAL:scrap:main:88:Failed initial request for 54171-Amity University Punjab with status 400
2024-08-08 14:49:57,578:CRITICAL:scrap:main:88:Failed initial request for 55878-Ananta Edutech India with status 400
2024-08-08 14:50:41,393:CRITICAL:scrap:main:88:Failed initial request for 66296-Apna MBA with status 400
2024-08-08 14:52:27,598:CRITICAL:scrap:main:88:Failed initial request for 58976-BFIT Group of Institutions with status 400
2024-08-08 14:52:27,815:CRITICAL:scrap:main:88:Failed initial request for 67547-Bharati Vidyapeeth (Deemed to be University) with status 400
2024-08-08 14:54:16,278:CRITICAL:scrap:main:88:Failed initial request for 59162-Calcutta Institute of Engineering and Management with status 400
2024-08-08 14:54:16,595:CRITICAL:scrap:main:88:Failed initial request for 53960-Career Point Limited with status 400
2024-08-08 14:55:16,996:CRITICAL:scrap:main:88:Failed initial request for 61393-Cheran Group of Institutions with status 400
2024-08-08 14:55:48,183:CRITICAL:scrap:main:88:Failed initial request for 65932-ciiskills with status 400
2024-08-08 14:55:49,326:CRITICAL:scrap:main:88:Failed initial request for 60059-College of Hospitality Administration with status 400
2024-08-08 14:55:49,556:CRITICAL:scrap:main:88:Failed initial request for 54207-Combined Institute of Medical Science & Research with status 400
2024-08-08 14:55:58,741:CRITICAL:scrap:main:88:Failed initial request for 65153-Delhi School of Business with status 400
2024-08-08 14:56:29,544:CRITICAL:scrap:main:88:Failed initial request for 40347-Dev Bhoomi Uttarakhand University with status 400
2024-08-08 14:56:32,365:CRITICAL:scrap:main:88:Failed initial request for 64463-DIMENSION NXG PVT LTD with status 400
2024-08-08 14:56:43,578:CRITICAL:scrap:main:88:Failed initial request for 65017-DR D Y PATIL UNITECH SOCIETY with status 400
2024-08-08 14:56:47,376:CRITICAL:scrap:main:88:Failed initial request for 66406-DSATM with status 400
2024-08-08 14:56:47,618:CRITICAL:scrap:main:88:Failed initial request for 56973-DSJ Keep Learning Limited with status 400
2024-08-08 14:56:47,843:CRITICAL:scrap:main:88:Failed initial request for 67894-DSMS with status 400
2024-08-08 14:57:05,800:CRITICAL:scrap:main:88:Failed initial request for 64784-Footwear Design & Development Institute with status 400
2024-08-08 14:57:57,426:CRITICAL:scrap:main:88:Failed initial request for 56931-Future Institute of Engineering & Management with status 400
2024-08-08 14:58:41,406:CRITICAL:scrap:main:88:Failed initial request for 50389-Grow Talent Company Limited with status 400
2024-08-08 14:59:45,279:CRITICAL:scrap:main:88:Failed initial request for 57617-HCG Charitable Trust (NSHM Knowledge Campus, Kolkata) with status 400
2024-08-08 14:59:45,522:CRITICAL:scrap:main:88:Failed initial request for 59480-HERITAGE EDUCATIONAL SOCIETY with status 400
2024-08-08 14:59:46,046:CRITICAL:scrap:main:88:Failed initial request for 55601-Hike Education with status 400
2024-08-08 15:00:17,958:CRITICAL:scrap:main:88:Failed initial request for 67907-HIKE EDUCATION PRIVATE LIMITED with status 400
2024-08-08 15:00:46,665:CRITICAL:scrap:main:88:Failed initial request for 68966-IDEALIZE ADVISORY SERVICES LLP with status 400
2024-08-08 15:01:21,226:CRITICAL:scrap:main:88:Failed initial request for 7764-Imarticus Learning with status 400
2024-08-08 15:01:40,619:CRITICAL:scrap:main:88:Failed initial request for 57934-Institute of Insurance and Risk Management with status 400
2024-08-08 15:02:21,085:CRITICAL:scrap:main:88:Failed initial request for 6891-iNurture Education Solutions Private Limited with status 400
2024-08-08 15:03:04,420:CRITICAL:scrap:main:88:Failed initial request for 66606-itmbu with status 400
2024-08-08 15:03:51,008:CRITICAL:scrap:main:88:Failed initial request for 56870-Jain University with status 400
2024-08-08 15:04:15,021:CRITICAL:scrap:main:88:Failed initial request for 57941-Jain University & ISDC SERVICES INDIA PRIVATE LIMITED with status 400
2024-08-08 15:04:52,812:CRITICAL:scrap:main:88:Failed initial request for 60402-jru clone with status 400
2024-08-08 15:05:33,180:CRITICAL:scrap:main:88:Failed initial request for 66326-Kingston Educational Institute with status 400
2024-08-08 15:05:58,903:CRITICAL:scrap:main:88:Failed initial request for 72147-Koshy's Group of Institutions with status 400
2024-08-08 15:05:59,158:CRITICAL:scrap:main:88:Failed initial request for 51954-Krupanidhi Educational Trust with status 400
2024-08-08 15:06:35,090:CRITICAL:scrap:main:88:Failed initial request for 60728-LAL BAHADUR SHASTRI INSTITUTE OF TECHNOLOGY & MANAGEMENT with status 400
2024-08-08 15:07:08,480:CRITICAL:scrap:main:88:Failed initial request for 60505-Lodha World School with status 400
2024-08-08 15:07:29,311:CRITICAL:scrap:main:88:Failed initial request for 65223-Maharaja Agrasen Technical Education  Society with status 400
2024-08-08 15:07:29,522:CRITICAL:scrap:main:88:Failed initial request for 59434-Mahatma Jyoti Rao Phoole University, Jaipur with status 400
2024-08-08 15:08:18,802:CRITICAL:scrap:main:88:Failed initial request for 65698-Metro Institute Education Consultant with status 400
2024-08-08 15:08:19,046:CRITICAL:scrap:main:88:Failed initial request for 54792-Mitcon Institute of Management with status 400
2024-08-08 15:09:09,737:CRITICAL:scrap:main:88:Failed initial request for 54036-MUJ Unext with status 400
2024-08-08 15:09:09,987:CRITICAL:scrap:main:88:Failed initial request for 67174-MVJ College of Engineering with status 400
2024-08-08 15:11:17,737:CRITICAL:scrap:main:88:Failed initial request for 66916-NIST with status 400
2024-08-08 15:11:19,191:CRITICAL:scrap:main:88:Failed initial request for 60202-Pailan Group of Institutions with status 400
2024-08-08 15:11:19,427:CRITICAL:scrap:main:88:Failed initial request for 54204-Paramahamsa Foundation Trust with status 400
2024-08-08 15:11:38,712:CRITICAL:scrap:main:88:Failed initial request for 60786-Poddar Group of Institutions with status 400
2024-08-08 15:18:38,579:CRITICAL:scrap:main:88:Failed initial request for 56710-Regional College of Management Trust with status 400
2024-08-08 15:18:58,179:CRITICAL:scrap:main:88:Failed initial request for 68578-RKDF University with status 400
2024-08-08 15:19:44,182:CRITICAL:scrap:main:88:Failed initial request for 60183-rtgoswami with status 400
2024-08-08 15:19:50,524:CRITICAL:scrap:main:88:Failed initial request for 64264-SCES Indira School Of Business Studies PGDM with status 400
2024-08-08 15:20:48,465:CRITICAL:scrap:main:88:Failed initial request for 60682-Sha Shib Flying Academy with status 400
2024-08-08 15:20:48,707:CRITICAL:scrap:main:88:Failed initial request for 60672-SHEAT GROUP OF INSTITUTIONS VARANASI with status 400
2024-08-08 15:21:46,415:CRITICAL:scrap:main:88:Failed initial request for 64755-Shoolini University with status 400
2024-08-08 15:21:46,665:CRITICAL:scrap:main:88:Failed initial request for 58032-Shri Rajendra Kumar Gupta Memorial Trust with status 400
2024-08-08 15:22:26,018:CRITICAL:scrap:main:88:Failed initial request for 58440-Shri Rawatpura Sarkar University (Shri Rawatpura Sarkar Lok Kalyan Trust) with status 400
2024-08-08 15:24:11,760:CRITICAL:scrap:main:88:Failed initial request for 53256-Somaiya Vidyavihar with status 400
2024-08-08 15:26:05,845:CRITICAL:scrap:main:88:Failed initial request for 64554-S. P. Mandali's Welingkar Institute of Management with status 400
2024-08-08 15:27:55,580:CRITICAL:scrap:main:88:Failed initial request for 63041-srisriuniversity with status 400
2024-08-08 15:27:55,860:CRITICAL:scrap:main:88:Failed initial request for 63608-SRM EDUCATION & RESEARCH INSTITUTE with status 400
2024-08-08 15:27:56,169:CRITICAL:scrap:main:88:Failed initial request for 67784-SRM Madurai with status 400
2024-08-08 15:27:56,405:CRITICAL:scrap:main:88:Failed initial request for 67827-SRM Valliammai with status 400
2024-08-08 15:28:27,195:CRITICAL:scrap:main:88:Failed initial request for 57021-St. Andrews Institute of Technology & Management with status 400
2024-08-08 15:28:27,443:CRITICAL:scrap:main:88:Failed initial request for 68481-St. Wilfred's Education Society with status 400
2024-08-08 15:28:27,748:CRITICAL:scrap:main:88:Failed initial request for 68777-Swaminarayan University with status 400
2024-08-08 15:28:28,157:CRITICAL:scrap:main:88:Failed initial request for 53340-Symbiosis Centre for Distance Learning with status 400
2024-08-08 15:28:53,512:CRITICAL:scrap:main:88:Failed initial request for 57949-Tribhuvan College (Nalanda University Centre, Neemrana) with status 400
2024-08-08 15:29:33,094:CRITICAL:scrap:main:88:Failed initial request for 54788-United Eduplus Private Limited with status 400
2024-08-08 15:29:57,202:CRITICAL:scrap:main:88:Failed initial request for 69192-Vidhyadeep Charitable trust with status 400
2024-08-08 15:30:29,976:CRITICAL:scrap:main:88:Failed initial request for 61328-Vijay Patil School of Management with status 400
2024-08-08 15:30:30,229:CRITICAL:scrap:main:88:Failed initial request for 59033-Vmax Sports And Fitness with status 400
2024-08-08 15:31:26,672:CRITICAL:scrap:main:88:Failed initial request for 63636-Xavier Institute of Social Service, Ranchi with status 400
2024-08-08 15:31:26,924:CRITICAL:scrap:main:88:Failed initial request for 66603-YS Group of Institutes with status 400
